#
# There is insufficient memory for the Java Runtime Environment to continue.
# Native memory allocation (mmap) failed to map 255852544 bytes. Error detail: G1 virtual space
# Possible reasons:
#   The system is out of physical RAM or swap space
#   This process is running with CompressedOops enabled, and the Java Heap may be blocking the growth of the native heap
# Possible solutions:
#   Reduce memory load on the system
#   Increase physical memory or swap space
#   Check if swap backing store is full
#   Decrease Java heap size (-Xmx/-Xms)
#   Decrease number of Java threads
#   Decrease Java thread stack sizes (-Xss)
#   Set larger code cache with -XX:ReservedCodeCacheSize=
#   JVM is running with Zero Based Compressed Oops mode in which the Java heap is
#     placed in the first 32GB address space. The Java Heap base address is the
#     maximum limit for the native heap growth. Please use -XX:HeapBaseMinAddress
#     to set the Java Heap base and to place the Java Heap above 32GB virtual address.
# This output file may be truncated or incomplete.
#
#  Out of Memory Error (os_windows.cpp:3631), pid=52832, tid=49680
#
# JRE version:  (22.0.2+9) (build )
# Java VM: Java HotSpot(TM) 64-Bit Server VM (22.0.2+9-70, mixed mode, sharing, tiered, compressed oops, compressed class ptrs, g1 gc, windows-amd64)
# No core dump will be written. Minidumps are not enabled by default on client versions of Windows
#

---------------  S U M M A R Y ------------

Command Line: -Dfile.encoding=UTF-8 -Dstdout.encoding=UTF-8 -Dstderr.encoding=UTF-8 -XX:+ShowCodeDetailsInExceptionMessages app.GUI.CapNhatKhachHangGUI

Host: AMD Ryzen 5 7640HS w/ Radeon 760M Graphics     , 12 cores, 15G,  Windows 11 , 64 bit Build 22621 (10.0.22621.5415)
Time: Sun Oct 12 14:22:37 2025 SE Asia Standard Time elapsed time: 0.009882 seconds (0d 0h 0m 0s)

---------------  T H R E A D  ---------------

Current thread (0x00000237614198f0):  JavaThread "Unknown thread" [_thread_in_vm, id=49680, stack(0x0000004926900000,0x0000004926a00000) (1024K)]

Stack: [0x0000004926900000,0x0000004926a00000]
Native frames: (J=compiled Java code, j=interpreted, Vv=VM code, C=native code)
V  [jvm.dll+0x6e26e9]  (no source info available)
V  [jvm.dll+0x875753]  (no source info available)
V  [jvm.dll+0x877b7e]  (no source info available)
V  [jvm.dll+0x878253]  (no source info available)
V  [jvm.dll+0x27fc86]  (no source info available)
V  [jvm.dll+0x6ded85]  (no source info available)
V  [jvm.dll+0x6d388a]  (no source info available)
V  [jvm.dll+0x358b8a]  (no source info available)
V  [jvm.dll+0x3610b6]  (no source info available)
V  [jvm.dll+0x3b419e]  (no source info available)
V  [jvm.dll+0x3b4448]  (no source info available)
V  [jvm.dll+0x32c5ec]  (no source info available)
V  [jvm.dll+0x32d258]  (no source info available)
V  [jvm.dll+0x83d5ac]  (no source info available)
V  [jvm.dll+0x3c10d1]  (no source info available)
V  [jvm.dll+0x8264cc]  (no source info available)
V  [jvm.dll+0x45bd5e]  (no source info available)
V  [jvm.dll+0x45dbe1]  (no source info available)
C  [jli.dll+0x52a3]  (no source info available)
C  [ucrtbase.dll+0x29333]  (no source info available)
C  [KERNEL32.DLL+0x1259d]  (no source info available)
C  [ntdll.dll+0x5af78]  (no source info available)


---------------  P R O C E S S  ---------------

Threads class SMR info:
_java_thread_list=0x00007ffd73a2c1c8, length=0, elements={
}

Java Threads: ( => current thread )
Total: 0

Other Threads:
  0x000002376147fef0 WorkerThread "GC Thread#0"                     [id=52956, stack(0x0000004926a00000,0x0000004926b00000) (1024K)]
  0x0000023761491b50 ConcurrentGCThread "G1 Main Marker"            [id=46888, stack(0x0000004926b00000,0x0000004926c00000) (1024K)]
  0x0000023761492660 WorkerThread "G1 Conc#0"                       [id=52608, stack(0x0000004926c00000,0x0000004926d00000) (1024K)]

[error occurred during error reporting (printing all threads), id 0xc0000005, EXCEPTION_ACCESS_VIOLATION (0xc0000005) at pc=0x00007ffd7317f517]
VM state: not at safepoint (not fully initialized)

VM Mutex/Monitor currently owned by a thread:  ([mutex/lock_event])
[0x00007ffd73aacc80] Heap_lock - owner thread: 0x00000237614198f0

Heap address: 0x000000070ce00000, size: 3890 MB, Compressed Oops mode: Zero based, Oop shift amount: 3

CDS archive(s) mapped at: [0x0000000000000000-0x0000000000000000-0x0000000000000000), size 0, SharedBaseAddress: 0x0000000800000000, ArchiveRelocationMode: 1.
Narrow klass base: 0x0000000000000000, Narrow klass shift: 0, Narrow klass range: 0x0

GC Precious Log:
 CardTable entry size: 512
 Card Set container configuration: InlinePtr #cards 4 size 8 Array Of Cards #cards 16 size 48 Howl #buckets 8 coarsen threshold 3686 Howl Bitmap #cards 512 size 80 coarsen threshold 460 Card regions per heap region 1 cards per card region 4096

Heap:
 garbage-first heap   total reserved 3983360K, committed 0K, used 0K [0x000000070ce00000, 0x0000000800000000)
  region size 2048K, 0 young (0K), 0 survivors (0K)

[error occurred during error reporting (printing heap information), id 0xc0000005, EXCEPTION_ACCESS_VIOLATION (0xc0000005) at pc=0x00007ffd7357e869]
GC Heap History (0 events):
No events

Dll operation events (1 events):
Event: 0.007 Loaded shared library D:\Programs\Environments\Java\jdk-22\bin\java.dll

Deoptimization events (0 events):
No events

Classes loaded (0 events):
No events

Classes unloaded (0 events):
No events

Classes redefined (0 events):
No events

Internal exceptions (0 events):
No events

ZGC Phase Switch (0 events):
No events

VM Operations (0 events):
No events

Memory protections (0 events):
No events

Nmethod flushes (0 events):
No events

Events (0 events):
No events


Dynamic libraries:
0x00007ff631ac0000 - 0x00007ff631ad0000 	D:\Programs\Environments\Java\jdk-22\bin\javaw.exe
0x00007ffe11690000 - 0x00007ffe118a7000 	C:\Windows\SYSTEM32\ntdll.dll
0x00007ffe0fc40000 - 0x00007ffe0fd04000 	C:\Windows\System32\KERNEL32.DLL
0x00007ffe0e830000 - 0x00007ffe0ec00000 	C:\Windows\System32\KERNELBASE.dll
0x00007ffe0ed30000 - 0x00007ffe0ee41000 	C:\Windows\System32\ucrtbase.dll
0x00007ffdf1c90000 - 0x00007ffdf1cab000 	D:\Programs\Environments\Java\jdk-22\bin\VCRUNTIME140.dll
0x00007ffdf1cb0000 - 0x00007ffdf1cc7000 	D:\Programs\Environments\Java\jdk-22\bin\jli.dll
0x00007ffe0f960000 - 0x00007ffe0fb11000 	C:\Windows\System32\USER32.dll
0x00007ffe0ee50000 - 0x00007ffe0ee76000 	C:\Windows\System32\win32u.dll
0x00007ffdf59a0000 - 0x00007ffdf5c3c000 	C:\Windows\WinSxS\amd64_microsoft.windows.common-controls_6595b64144ccf1df_6.0.22621.5840_none_2710ea077384a4fe\COMCTL32.dll
0x00007ffe10a80000 - 0x00007ffe10b27000 	C:\Windows\System32\msvcrt.dll
0x00007ffe0f5a0000 - 0x00007ffe0f5c9000 	C:\Windows\System32\GDI32.dll
0x00007ffe0eff0000 - 0x00007ffe0f113000 	C:\Windows\System32\gdi32full.dll
0x00007ffe0e790000 - 0x00007ffe0e82a000 	C:\Windows\System32\msvcp_win.dll
0x00007ffe11610000 - 0x00007ffe11641000 	C:\Windows\System32\IMM32.DLL
0x00007ffe07980000 - 0x00007ffe0798c000 	D:\Programs\Environments\Java\jdk-22\bin\vcruntime140_1.dll
0x00007ffdaf280000 - 0x00007ffdaf30e000 	D:\Programs\Environments\Java\jdk-22\bin\msvcp140.dll
0x00007ffd72e40000 - 0x00007ffd73b89000 	D:\Programs\Environments\Java\jdk-22\bin\server\jvm.dll
0x00007ffe0f320000 - 0x00007ffe0f3d1000 	C:\Windows\System32\ADVAPI32.dll
0x00007ffe0f5d0000 - 0x00007ffe0f678000 	C:\Windows\System32\sechost.dll
0x00007ffe0ed00000 - 0x00007ffe0ed28000 	C:\Windows\System32\bcrypt.dll
0x00007ffe0fb20000 - 0x00007ffe0fc38000 	C:\Windows\System32\RPCRT4.dll
0x00007ffe113f0000 - 0x00007ffe11461000 	C:\Windows\System32\WS2_32.dll
0x00007ffe0e4b0000 - 0x00007ffe0e4fd000 	C:\Windows\SYSTEM32\POWRPROF.dll
0x00007ffe07560000 - 0x00007ffe07594000 	C:\Windows\SYSTEM32\WINMM.dll
0x00007ffe05f00000 - 0x00007ffe05f0a000 	C:\Windows\SYSTEM32\VERSION.dll
0x00007ffe0e3e0000 - 0x00007ffe0e3f3000 	C:\Windows\SYSTEM32\UMPDC.dll
0x00007ffe0d730000 - 0x00007ffe0d748000 	C:\Windows\SYSTEM32\kernel.appcore.dll
0x00007ffde8d10000 - 0x00007ffde8d1a000 	D:\Programs\Environments\Java\jdk-22\bin\jimage.dll
0x00007ffe0b770000 - 0x00007ffe0b9a3000 	C:\Windows\SYSTEM32\DBGHELP.DLL
0x00007ffe11050000 - 0x00007ffe113e1000 	C:\Windows\System32\combase.dll
0x00007ffe114d0000 - 0x00007ffe115a8000 	C:\Windows\System32\OLEAUT32.dll
0x00007ffe05ec0000 - 0x00007ffe05ef2000 	C:\Windows\SYSTEM32\dbgcore.DLL
0x00007ffe0ec00000 - 0x00007ffe0ec7b000 	C:\Windows\System32\bcryptPrimitives.dll
0x00007ffde88f0000 - 0x00007ffde890e000 	D:\Programs\Environments\Java\jdk-22\bin\java.dll
0x00007ffe10000000 - 0x00007ffe108a1000 	C:\Windows\System32\SHELL32.dll
0x00007ffe0f120000 - 0x00007ffe0f25f000 	C:\Windows\System32\wintypes.dll
0x00007ffe0f3e0000 - 0x00007ffe0f580000 	C:\Windows\System32\ole32.dll

dbghelp: loaded successfully - version: 4.0.5 - missing functions: none
symbol engine: initialized successfully - sym options: 0x614 - pdb path: .;D:\Programs\Environments\Java\jdk-22\bin;C:\Windows\SYSTEM32;C:\Windows\WinSxS\amd64_microsoft.windows.common-controls_6595b64144ccf1df_6.0.22621.5840_none_2710ea077384a4fe;D:\Programs\Environments\Java\jdk-22\bin\server

VM Arguments:
jvm_args: -Dfile.encoding=UTF-8 -Dstdout.encoding=UTF-8 -Dstderr.encoding=UTF-8 -XX:+ShowCodeDetailsInExceptionMessages 
java_command: app.GUI.CapNhatKhachHangGUI
java_class_path (initial): D:\Coding_Project\Application_Development\Nhom4_QuanLyNhaThuocPillAndChill\bin;D:\Coding_Project\Application_Development\Nhom4_QuanLyNhaThuocPillAndChill\lib\sqljdbc42.jar
Launcher Type: SUN_STANDARD

[Global flags]
     intx CICompilerCount                          = 4                                         {product} {ergonomic}
     uint ConcGCThreads                            = 3                                         {product} {ergonomic}
     uint G1ConcRefinementThreads                  = 10                                        {product} {ergonomic}
   size_t G1HeapRegionSize                         = 2097152                                   {product} {ergonomic}
   size_t InitialHeapSize                          = 255852544                                 {product} {ergonomic}
   size_t MarkStackSize                            = 4194304                                   {product} {ergonomic}
   size_t MaxHeapSize                              = 4078960640                                {product} {ergonomic}
   size_t MinHeapDeltaBytes                        = 2097152                                   {product} {ergonomic}
   size_t MinHeapSize                              = 8388608                                   {product} {ergonomic}
    uintx NonNMethodCodeHeapSize                   = 5839372                                {pd product} {ergonomic}
    uintx NonProfiledCodeHeapSize                  = 122909434                              {pd product} {ergonomic}
    uintx ProfiledCodeHeapSize                     = 122909434                              {pd product} {ergonomic}
    uintx ReservedCodeCacheSize                    = 251658240                              {pd product} {ergonomic}
     bool SegmentedCodeCache                       = true                                      {product} {ergonomic}
     bool ShowCodeDetailsInExceptionMessages       = true                                   {manageable} {command line}
   size_t SoftMaxHeapSize                          = 4078960640                             {manageable} {ergonomic}
     bool UseCompressedOops                        = true                           {product lp64_product} {ergonomic}
     bool UseG1GC                                  = true                                      {product} {ergonomic}
     bool UseLargePagesIndividualAllocation        = false                                  {pd product} {ergonomic}

Logging:
Log output configuration:
 #0: stdout all=warning uptime,level,tags foldmultilines=false
 #1: stderr all=off uptime,level,tags foldmultilines=false

Environment Variables:
PATH=C:/Users/HaoNguyen/.p2/pool/plugins/org.eclipse.justj.openjdk.hotspot.jre.full.win32.x86_64_21.0.8.v20250724-1412/jre/bin/server;C:/Users/HaoNguyen/.p2/pool/plugins/org.eclipse.justj.openjdk.hotspot.jre.full.win32.x86_64_21.0.8.v20250724-1412/jre/bin;C:\Program Files (x86)\Common Files\Oracle\Java\javapath;C:\Windows\system32;C:\Windows;C:\Windows\System32\Wbem;C:\Windows\System32\WindowsPowerShell\v1.0\;C:\Windows\System32\OpenSSH\;C:\Program Files (x86)\Microsoft SQL Server\110\Tools\Binn\;C:\Program Files\Microsoft SQL Server\110\Tools\Binn\;C:\Program Files\Microsoft SQL Server\110\DTS\Binn\;C:\Program Files (x86)\Microsoft SQL Server\110\Tools\Binn\ManagementStudio\;C:\Program Files (x86)\Microsoft Visual Studio 10.0\Common7\IDE\PrivateAssemblies\;C:\Program Files (x86)\Microsoft SQL Server\110\DTS\Binn\;D:\Programs\Environments\ADB\platform-tools;D:\Programs\Environments\Git\bin;D:\Programs\Environments\nodejs;D:\Programs\Environments\Python;D:\Programs\Environments\MongoDB\Tools\100\bin;D:\Programs\Environments\MongoDB\mongosh;C:\Program Files\NVIDIA Corporation\NVIDIA App\NvDLISR;C:\Program Files (x86)\NVIDIA Corporation\PhysX\Common;C:\Program Files\dotnet\;C:\Users\HaoNguyen\AppData\Roaming\npm;C:\Program Files\Cloudflare\Cloudflare WARP\;C:\Users\HaoNguyen\AppData\Local\Microsoft\WindowsApps;C:\Users\HaoNguyen\AppData\Local\Programs\Microsoft VS Code\bin;D:\Programs\Environments\MongoDB\mongosh\;C:\Users\HaoNguyen\AppData\Local\GitHubDesktop\bin;D:\Programs\Application\Eclipse\eclipse;
USERNAME=HaoNguyen
OS=Windows_NT
PROCESSOR_IDENTIFIER=AMD64 Family 25 Model 116 Stepping 1, AuthenticAMD
TMP=C:\Users\HAONGU~1\AppData\Local\Temp
TEMP=C:\Users\HAONGU~1\AppData\Local\Temp




Periodic native trim disabled

---------------  S Y S T E M  ---------------

OS:
 Windows 11 , 64 bit Build 22621 (10.0.22621.5415)
OS uptime: 0 days 3:34 hours
Hyper-V role detected

CPU: total 12 (initial active 12) (12 cores per cpu, 2 threads per core) family 25 model 116 stepping 1 microcode 0x0, cx8, cmov, fxsr, ht, mmx, 3dnowpref, sse, sse2, sse3, ssse3, sse4a, sse4.1, sse4.2, popcnt, lzcnt, tsc, tscinvbit, avx, avx2, aes, erms, clmul, bmi1, bmi2, adx, avx512f, avx512dq, avx512cd, avx512bw, avx512vl, sha, fma, vzeroupper, avx512_vpopcntdq, avx512_vpclmulqdq, avx512_vaes, avx512_vnni, clflush, clflushopt, avx512_vbmi2, avx512_vbmi, hv, rdtscp, rdpid, fsrm, gfni, avx512_bitalg, f16c, cet_ss, avx512_ifma
Processor Information for processor 0
  Max Mhz: 4301, Current Mhz: 3430, Mhz Limit: 4301
Processor Information for processor 1
  Max Mhz: 4301, Current Mhz: 3430, Mhz Limit: 4301
Processor Information for processor 2
  Max Mhz: 4301, Current Mhz: 4301, Mhz Limit: 4301
Processor Information for processor 3
  Max Mhz: 4301, Current Mhz: 3430, Mhz Limit: 4301
Processor Information for processor 4
  Max Mhz: 4301, Current Mhz: 4301, Mhz Limit: 4301
Processor Information for processor 5
  Max Mhz: 4301, Current Mhz: 3430, Mhz Limit: 4301
Processor Information for processor 6
  Max Mhz: 4301, Current Mhz: 3430, Mhz Limit: 4301
Processor Information for processor 7
  Max Mhz: 4301, Current Mhz: 3430, Mhz Limit: 4301
Processor Information for processor 8
  Max Mhz: 4301, Current Mhz: 4301, Mhz Limit: 4301
Processor Information for processor 9
  Max Mhz: 4301, Current Mhz: 3430, Mhz Limit: 4301
Processor Information for processor 10
  Max Mhz: 4301, Current Mhz: 4301, Mhz Limit: 4301
Processor Information for processor 11
  Max Mhz: 4301, Current Mhz: 3430, Mhz Limit: 4301

Memory: 4k page, system-wide physical 15554M (356M free)
TotalPageFile size 38016M (AvailPageFile size 90M)
current process WorkingSet (physical memory assigned to process): 12M, peak: 12M
current process commit charge ("private bytes"): 64M, peak: 308M

vm_info: Java HotSpot(TM) 64-Bit Server VM (22.0.2+9-70) for windows-amd64 JRE (22.0.2+9-70), built on 2024-06-04T16:52:23Z by "mach5one" with MS VC++ 17.6 (VS2022)

END.
